=====================================
        å…¬å…±æœåŠ¡å¹³å°å¯åŠ¨ä¸­...        
=====================================
âœ… æ•°æ®åº“åˆå§‹åŒ–æˆåŠŸï¼ˆSQLiteï¼‰
[GIN-debug] [WARNING] Creating an Engine instance with the Logger and Recovery middleware already attached.

[GIN-debug] [WARNING] Running in "debug" mode. Switch to "release" mode in production.
 - using env:	export GIN_MODE=release
 - using code:	gin.SetMode(gin.ReleaseMode)

[GIN-debug] POST   /api/v1/services          --> main.registerServiceHandler (3 handlers)
[GIN-debug] GET    /api/v1/services          --> main.getServicesHandler (3 handlers)
[GIN-debug] GET    /api/v1/services/:id      --> main.getServiceByIDHandler (3 handlers)

âœ… å…¬å…±æœåŠ¡å¹³å°å¯åŠ¨æˆåŠŸï¼
ðŸ“Œ ç›‘å¬åœ°å€ï¼šhttp://172.28.125.175:8080
ðŸ“Œ å¯ç”¨æŽ¥å£ï¼š
   - POST   /api/v1/services       æ³¨å†ŒæœåŠ¡
   - GET    /api/v1/services       èŽ·å–æ‰€æœ‰æœåŠ¡
   - GET    /api/v1/services/:id   èŽ·å–å•ä¸ªæœåŠ¡è¯¦æƒ…
[GIN-debug] Loaded HTML Templates (3): 
	- 
	- dashboard.html
	- index.html

[GIN-debug] GET    /                         --> main.main.func1 (3 handlers)
[GIN-debug] GET    /dashboard                --> main.main.func2 (3 handlers)
[GIN-debug] [WARNING] You trusted all proxies, this is NOT safe. We recommend you to set a value.
Please check https://pkg.go.dev/github.com/gin-gonic/gin#readme-don-t-trust-all-proxies for details.
[GIN-debug] Listening and serving HTTP on 172.28.125.175:8080
